[1.630s] DEBUG:colcon:Command line arguments: ['/usr/bin/colcon', 'build']
[1.631s] DEBUG:colcon:Parsed command line arguments: Namespace(log_base=None, log_level=None, verb_name='build', build_base='build', install_base='install', merge_install=False, symlink_install=False, test_result_base=None, continue_on_error=False, executor='parallel', parallel_workers=8, event_handlers=None, ignore_user_meta=False, metas=['./colcon.meta'], base_paths=['.'], packages_ignore=None, packages_ignore_regex=None, paths=None, packages_up_to=None, packages_up_to_regex=None, packages_above=None, packages_above_and_dependencies=None, packages_above_depth=None, packages_select_by_dep=None, packages_skip_by_dep=None, packages_skip_up_to=None, packages_select_build_failed=False, packages_skip_build_finished=False, packages_select_test_failures=False, packages_skip_test_passed=False, packages_select=None, packages_skip=None, packages_select_regex=None, packages_skip_regex=None, packages_start=None, packages_end=None, allow_overriding=[], cmake_args=None, cmake_target=None, cmake_target_skip_unavailable=False, cmake_clean_cache=False, cmake_clean_first=False, cmake_force_configure=False, ament_cmake_args=None, catkin_cmake_args=None, catkin_skip_building_tests=False, mixin_files=None, mixin=None, verb_parser=<colcon_mixin.mixin.mixin_argument.MixinArgumentDecorator object at 0x71e430922650>, verb_extension=<colcon_core.verb.build.BuildVerb object at 0x71e430921ba0>, main=<bound method BuildVerb.main of <colcon_core.verb.build.BuildVerb object at 0x71e430921ba0>>, mixin_verb=('build',))
[5.480s] Level 1:colcon.colcon_core.package_discovery:discover_packages(colcon_meta) check parameters
[5.480s] Level 1:colcon.colcon_core.package_discovery:discover_packages(recursive) check parameters
[5.480s] Level 1:colcon.colcon_core.package_discovery:discover_packages(ignore) check parameters
[5.480s] Level 1:colcon.colcon_core.package_discovery:discover_packages(path) check parameters
[5.480s] Level 1:colcon.colcon_core.package_discovery:discover_packages(colcon_meta) discover
[5.480s] Level 1:colcon.colcon_core.package_discovery:discover_packages(recursive) discover
[5.480s] INFO:colcon.colcon_core.package_discovery:Crawling recursively for packages in '/home/eleanorlow/spcrob/ros_ws2/build/path_planner'
[5.480s] Level 1:colcon.colcon_core.package_identification:_identify(.) by extensions ['ignore', 'ignore_ament_install']
[5.480s] Level 1:colcon.colcon_core.package_identification:_identify(.) by extension 'ignore'
[5.480s] Level 1:colcon.colcon_core.package_identification:_identify(.) by extension 'ignore_ament_install'
[5.480s] Level 1:colcon.colcon_core.package_identification:_identify(.) by extensions ['colcon_pkg']
[5.480s] Level 1:colcon.colcon_core.package_identification:_identify(.) by extension 'colcon_pkg'
[5.480s] Level 1:colcon.colcon_core.package_identification:_identify(.) by extensions ['colcon_meta']
[5.480s] Level 1:colcon.colcon_core.package_identification:_identify(.) by extension 'colcon_meta'
[5.480s] Level 1:colcon.colcon_core.package_identification:_identify(.) by extensions ['ros']
[5.480s] Level 1:colcon.colcon_core.package_identification:_identify(.) by extension 'ros'
[5.570s] DEBUG:colcon.colcon_core.package_identification:Package '.' with type 'ros.ament_python' and name 'path_planner'
[5.570s] Level 1:colcon.colcon_core.package_discovery:discover_packages(recursive) using defaults
[5.570s] Level 1:colcon.colcon_core.package_discovery:discover_packages(ignore) discover
[5.570s] Level 1:colcon.colcon_core.package_discovery:discover_packages(ignore) using defaults
[5.570s] Level 1:colcon.colcon_core.package_discovery:discover_packages(path) discover
[5.570s] Level 1:colcon.colcon_core.package_discovery:discover_packages(path) using defaults
[5.743s] Level 1:colcon.colcon_core.package_discovery:discover_packages(prefix_path) check parameters
[5.743s] Level 1:colcon.colcon_core.package_discovery:discover_packages(prefix_path) discover
[5.891s] DEBUG:colcon.colcon_installed_package_information.package_discovery:Found 1 installed packages in /home/eleanorlow/spcrob/ros_ws2/install
[5.893s] DEBUG:colcon.colcon_installed_package_information.package_discovery:Found 3 installed packages in /home/eleanorlow/spcrob/ros_ws/install
[5.912s] DEBUG:colcon.colcon_installed_package_information.package_discovery:Found 3 installed packages in /home/eleanorlow/robo1/install
[5.914s] DEBUG:colcon.colcon_installed_package_information.package_discovery:Found 1 installed packages in /home/eleanorlow/spcrob/pythonTutorial/colcon_ws/install
[5.917s] DEBUG:colcon.colcon_installed_package_information.package_discovery:Found 313 installed packages in /opt/ros/humble
[5.920s] Level 1:colcon.colcon_core.package_discovery:discover_packages(prefix_path) using defaults
[7.806s] Level 5:colcon.colcon_core.verb:set package 'path_planner' build argument 'cmake_args' from command line to 'None'
[7.806s] Level 5:colcon.colcon_core.verb:set package 'path_planner' build argument 'cmake_target' from command line to 'None'
[7.806s] Level 5:colcon.colcon_core.verb:set package 'path_planner' build argument 'cmake_target_skip_unavailable' from command line to 'False'
[7.807s] Level 5:colcon.colcon_core.verb:set package 'path_planner' build argument 'cmake_clean_cache' from command line to 'False'
[7.807s] Level 5:colcon.colcon_core.verb:set package 'path_planner' build argument 'cmake_clean_first' from command line to 'False'
[7.807s] Level 5:colcon.colcon_core.verb:set package 'path_planner' build argument 'cmake_force_configure' from command line to 'False'
[7.807s] Level 5:colcon.colcon_core.verb:set package 'path_planner' build argument 'ament_cmake_args' from command line to 'None'
[7.807s] Level 5:colcon.colcon_core.verb:set package 'path_planner' build argument 'catkin_cmake_args' from command line to 'None'
[7.807s] Level 5:colcon.colcon_core.verb:set package 'path_planner' build argument 'catkin_skip_building_tests' from command line to 'False'
[7.807s] DEBUG:colcon.colcon_core.verb:Building package 'path_planner' with the following arguments: {'ament_cmake_args': None, 'build_base': '/home/eleanorlow/spcrob/ros_ws2/build/path_planner/build/path_planner', 'catkin_cmake_args': None, 'catkin_skip_building_tests': False, 'cmake_args': None, 'cmake_clean_cache': False, 'cmake_clean_first': False, 'cmake_force_configure': False, 'cmake_target': None, 'cmake_target_skip_unavailable': False, 'install_base': '/home/eleanorlow/spcrob/ros_ws2/build/path_planner/install/path_planner', 'merge_install': False, 'path': '/home/eleanorlow/spcrob/ros_ws2/build/path_planner', 'symlink_install': False, 'test_result_base': None}
[7.807s] INFO:colcon.colcon_core.executor:Executing jobs using 'parallel' executor
[7.808s] DEBUG:colcon.colcon_parallel_executor.executor.parallel:run_until_complete
[7.808s] INFO:colcon.colcon_ros.task.ament_python.build:Building ROS package in '/home/eleanorlow/spcrob/ros_ws2/build/path_planner' with build type 'ament_python'
[7.808s] Level 1:colcon.colcon_core.shell:create_environment_hook('path_planner', 'ament_prefix_path')
[7.840s] INFO:colcon.colcon_core.plugin_system:Skipping extension 'colcon_core.shell.bat': Not used on non-Windows systems
[7.840s] INFO:colcon.colcon_core.shell:Creating environment hook '/home/eleanorlow/spcrob/ros_ws2/build/path_planner/install/path_planner/share/path_planner/hook/ament_prefix_path.ps1'
[7.857s] INFO:colcon.colcon_core.shell:Creating environment descriptor '/home/eleanorlow/spcrob/ros_ws2/build/path_planner/install/path_planner/share/path_planner/hook/ament_prefix_path.dsv'
[7.868s] INFO:colcon.colcon_core.shell:Creating environment hook '/home/eleanorlow/spcrob/ros_ws2/build/path_planner/install/path_planner/share/path_planner/hook/ament_prefix_path.sh'
[7.870s] INFO:colcon.colcon_core.shell:Skip shell extension 'powershell' for command environment: Not usable outside of PowerShell
[7.870s] DEBUG:colcon.colcon_core.shell:Skip shell extension 'dsv' for command environment
[8.181s] INFO:colcon.colcon_core.task.python.build:Building Python package in '/home/eleanorlow/spcrob/ros_ws2/build/path_planner'
[8.181s] INFO:colcon.colcon_core.shell:Skip shell extension 'powershell' for command environment: Not usable outside of PowerShell
[8.181s] DEBUG:colcon.colcon_core.shell:Skip shell extension 'dsv' for command environment
[8.810s] DEBUG:colcon.colcon_core.event_handler.log_command:Invoking command in '/home/eleanorlow/spcrob/ros_ws2/build/path_planner': PYTHONPATH=/home/eleanorlow/spcrob/ros_ws2/build/path_planner/build/path_planner/prefix_override:/usr/lib/python3/dist-packages/colcon_core/task/python/colcon_distutils_commands:/home/eleanorlow/spcrob/ros_ws2/build/path_planner/install/path_planner/lib/python3.10/site-packages:${PYTHONPATH} /usr/bin/python3 -W ignore:setup.py install is deprecated -W ignore:easy_install command is deprecated setup.py egg_info --egg-base build/path_planner build --build-base /home/eleanorlow/spcrob/ros_ws2/build/path_planner/build/path_planner/build install --record /home/eleanorlow/spcrob/ros_ws2/build/path_planner/build/path_planner/install.log --single-version-externally-managed install_data
[9.078s] DEBUG:colcon.colcon_core.event_handler.log_command:Invoked command in '/home/eleanorlow/spcrob/ros_ws2/build/path_planner' returned '0': PYTHONPATH=/home/eleanorlow/spcrob/ros_ws2/build/path_planner/build/path_planner/prefix_override:/usr/lib/python3/dist-packages/colcon_core/task/python/colcon_distutils_commands:/home/eleanorlow/spcrob/ros_ws2/build/path_planner/install/path_planner/lib/python3.10/site-packages:${PYTHONPATH} /usr/bin/python3 -W ignore:setup.py install is deprecated -W ignore:easy_install command is deprecated setup.py egg_info --egg-base build/path_planner build --build-base /home/eleanorlow/spcrob/ros_ws2/build/path_planner/build/path_planner/build install --record /home/eleanorlow/spcrob/ros_ws2/build/path_planner/build/path_planner/install.log --single-version-externally-managed install_data
[9.103s] Level 1:colcon.colcon_core.environment:checking '/home/eleanorlow/spcrob/ros_ws2/build/path_planner/install/path_planner' for CMake module files
[9.103s] Level 1:colcon.colcon_core.environment:checking '/home/eleanorlow/spcrob/ros_ws2/build/path_planner/install/path_planner' for CMake config files
[9.103s] Level 1:colcon.colcon_core.environment:checking '/home/eleanorlow/spcrob/ros_ws2/build/path_planner/install/path_planner/lib'
[9.103s] Level 1:colcon.colcon_core.environment:checking '/home/eleanorlow/spcrob/ros_ws2/build/path_planner/install/path_planner/bin'
[9.103s] Level 1:colcon.colcon_core.environment:checking '/home/eleanorlow/spcrob/ros_ws2/build/path_planner/install/path_planner/lib/pkgconfig/path_planner.pc'
[9.104s] Level 1:colcon.colcon_core.environment:checking '/home/eleanorlow/spcrob/ros_ws2/build/path_planner/install/path_planner/lib/python3.10/site-packages'
[9.104s] Level 1:colcon.colcon_core.shell:create_environment_hook('path_planner', 'pythonpath')
[9.104s] INFO:colcon.colcon_core.shell:Creating environment hook '/home/eleanorlow/spcrob/ros_ws2/build/path_planner/install/path_planner/share/path_planner/hook/pythonpath.ps1'
[9.104s] INFO:colcon.colcon_core.shell:Creating environment descriptor '/home/eleanorlow/spcrob/ros_ws2/build/path_planner/install/path_planner/share/path_planner/hook/pythonpath.dsv'
[9.104s] INFO:colcon.colcon_core.shell:Creating environment hook '/home/eleanorlow/spcrob/ros_ws2/build/path_planner/install/path_planner/share/path_planner/hook/pythonpath.sh'
[9.105s] Level 1:colcon.colcon_core.environment:checking '/home/eleanorlow/spcrob/ros_ws2/build/path_planner/install/path_planner/bin'
[9.105s] Level 1:colcon.colcon_core.environment:create_environment_scripts_only(path_planner)
[9.105s] INFO:colcon.colcon_core.shell:Creating package script '/home/eleanorlow/spcrob/ros_ws2/build/path_planner/install/path_planner/share/path_planner/package.ps1'
[9.106s] INFO:colcon.colcon_core.shell:Creating package descriptor '/home/eleanorlow/spcrob/ros_ws2/build/path_planner/install/path_planner/share/path_planner/package.dsv'
[9.107s] INFO:colcon.colcon_core.shell:Creating package script '/home/eleanorlow/spcrob/ros_ws2/build/path_planner/install/path_planner/share/path_planner/package.sh'
[9.108s] INFO:colcon.colcon_core.shell:Creating package script '/home/eleanorlow/spcrob/ros_ws2/build/path_planner/install/path_planner/share/path_planner/package.bash'
[9.141s] INFO:colcon.colcon_core.shell:Creating package script '/home/eleanorlow/spcrob/ros_ws2/build/path_planner/install/path_planner/share/path_planner/package.zsh'
[9.156s] Level 1:colcon.colcon_core.environment:create_file_with_runtime_dependencies(/home/eleanorlow/spcrob/ros_ws2/build/path_planner/install/path_planner/share/colcon-core/packages/path_planner)
[9.156s] DEBUG:colcon.colcon_parallel_executor.executor.parallel:closing loop
[9.157s] DEBUG:colcon.colcon_parallel_executor.executor.parallel:loop closed
[9.157s] DEBUG:colcon.colcon_parallel_executor.executor.parallel:run_until_complete finished with '0'
[9.158s] DEBUG:colcon.colcon_core.event_reactor:joining thread
[9.212s] INFO:colcon.colcon_core.plugin_system:Skipping extension 'colcon_notification.desktop_notification.terminal_notifier': Not used on non-Darwin systems
[9.212s] INFO:colcon.colcon_core.plugin_system:Skipping extension 'colcon_notification.desktop_notification.win32': Not used on non-Windows systems
[9.213s] INFO:colcon.colcon_notification.desktop_notification:Sending desktop notification using 'notify2'
[9.233s] DEBUG:colcon.colcon_core.event_reactor:joined thread
[9.234s] INFO:colcon.colcon_core.shell:Creating prefix script '/home/eleanorlow/spcrob/ros_ws2/build/path_planner/install/local_setup.ps1'
[9.236s] INFO:colcon.colcon_core.shell:Creating prefix util module '/home/eleanorlow/spcrob/ros_ws2/build/path_planner/install/_local_setup_util_ps1.py'
[9.237s] INFO:colcon.colcon_core.shell:Creating prefix chain script '/home/eleanorlow/spcrob/ros_ws2/build/path_planner/install/setup.ps1'
[9.239s] INFO:colcon.colcon_core.shell:Creating prefix script '/home/eleanorlow/spcrob/ros_ws2/build/path_planner/install/local_setup.sh'
[9.239s] INFO:colcon.colcon_core.shell:Creating prefix util module '/home/eleanorlow/spcrob/ros_ws2/build/path_planner/install/_local_setup_util_sh.py'
[9.240s] INFO:colcon.colcon_core.shell:Creating prefix chain script '/home/eleanorlow/spcrob/ros_ws2/build/path_planner/install/setup.sh'
[9.241s] INFO:colcon.colcon_core.shell:Creating prefix script '/home/eleanorlow/spcrob/ros_ws2/build/path_planner/install/local_setup.bash'
[9.242s] INFO:colcon.colcon_core.shell:Creating prefix chain script '/home/eleanorlow/spcrob/ros_ws2/build/path_planner/install/setup.bash'
[9.243s] INFO:colcon.colcon_core.shell:Creating prefix script '/home/eleanorlow/spcrob/ros_ws2/build/path_planner/install/local_setup.zsh'
[9.243s] INFO:colcon.colcon_core.shell:Creating prefix chain script '/home/eleanorlow/spcrob/ros_ws2/build/path_planner/install/setup.zsh'
