/home/eleanorlow/spcrob/ros_ws2/install/path_planner/lib/python3.10/site-packages/path_planner/graph_search.py
/home/eleanorlow/spcrob/ros_ws2/install/path_planner/lib/python3.10/site-packages/path_planner/graph.py
/home/eleanorlow/spcrob/ros_ws2/install/path_planner/lib/python3.10/site-packages/path_planner/__init__.py
/home/eleanorlow/spcrob/ros_ws2/install/path_planner/lib/python3.10/site-packages/path_planner/controller_node.py
/home/eleanorlow/spcrob/ros_ws2/install/path_planner/lib/python3.10/site-packages/path_planner/path_smoother.py
/home/eleanorlow/spcrob/ros_ws2/install/path_planner/lib/python3.10/site-packages/path_planner/map.py
/home/eleanorlow/spcrob/ros_ws2/install/path_planner/lib/python3.10/site-packages/path_planner/__pycache__/graph_search.cpython-310.pyc
/home/eleanorlow/spcrob/ros_ws2/install/path_planner/lib/python3.10/site-packages/path_planner/__pycache__/graph.cpython-310.pyc
/home/eleanorlow/spcrob/ros_ws2/install/path_planner/lib/python3.10/site-packages/path_planner/__pycache__/__init__.cpython-310.pyc
/home/eleanorlow/spcrob/ros_ws2/install/path_planner/lib/python3.10/site-packages/path_planner/__pycache__/controller_node.cpython-310.pyc
/home/eleanorlow/spcrob/ros_ws2/install/path_planner/lib/python3.10/site-packages/path_planner/__pycache__/path_smoother.cpython-310.pyc
/home/eleanorlow/spcrob/ros_ws2/install/path_planner/lib/python3.10/site-packages/path_planner/__pycache__/map.cpython-310.pyc
/home/eleanorlow/spcrob/ros_ws2/install/path_planner/share/ament_index/resource_index/packages/path_planner
/home/eleanorlow/spcrob/ros_ws2/install/path_planner/share/path_planner/package.xml
/home/eleanorlow/spcrob/ros_ws2/install/path_planner/share/path_planner/launch/path_planner.launch.py
/home/eleanorlow/spcrob/ros_ws2/install/path_planner/share/path_planner/config/planner_conf.rviz
/home/eleanorlow/spcrob/ros_ws2/install/path_planner/share/path_planner/config/bastide_map.mat
/home/eleanorlow/spcrob/ros_ws2/install/path_planner/share/path_planner/config/parameters.yaml
/home/eleanorlow/spcrob/ros_ws2/install/path_planner/lib/python3.10/site-packages/path_planner-0.0.0-py3.10.egg-info/zip-safe
/home/eleanorlow/spcrob/ros_ws2/install/path_planner/lib/python3.10/site-packages/path_planner-0.0.0-py3.10.egg-info/top_level.txt
/home/eleanorlow/spcrob/ros_ws2/install/path_planner/lib/python3.10/site-packages/path_planner-0.0.0-py3.10.egg-info/PKG-INFO
/home/eleanorlow/spcrob/ros_ws2/install/path_planner/lib/python3.10/site-packages/path_planner-0.0.0-py3.10.egg-info/requires.txt
/home/eleanorlow/spcrob/ros_ws2/install/path_planner/lib/python3.10/site-packages/path_planner-0.0.0-py3.10.egg-info/dependency_links.txt
/home/eleanorlow/spcrob/ros_ws2/install/path_planner/lib/python3.10/site-packages/path_planner-0.0.0-py3.10.egg-info/SOURCES.txt
/home/eleanorlow/spcrob/ros_ws2/install/path_planner/lib/python3.10/site-packages/path_planner-0.0.0-py3.10.egg-info/entry_points.txt
/home/eleanorlow/spcrob/ros_ws2/install/path_planner/lib/path_planner/graph_search_controller_node
