[0.783s] Invoking command in '/home/eleanorlow/spcrob/ros_ws2/src/path_planner': PYTHONPATH=/home/eleanorlow/spcrob/ros_ws2/build/path_planner/prefix_override:/usr/lib/python3/dist-packages/colcon_core/task/python/colcon_distutils_commands:/home/eleanorlow/spcrob/ros_ws2/install/path_planner/lib/python3.10/site-packages:${PYTHONPATH} /usr/bin/python3 -W ignore:setup.py install is deprecated -W ignore:easy_install command is deprecated setup.py egg_info --egg-base ../../build/path_planner build --build-base /home/eleanorlow/spcrob/ros_ws2/build/path_planner/build install --record /home/eleanorlow/spcrob/ros_ws2/build/path_planner/install.log --single-version-externally-managed install_data
[1.121s] running egg_info
[1.121s] writing ../../build/path_planner/path_planner.egg-info/PKG-INFO
[1.122s] writing dependency_links to ../../build/path_planner/path_planner.egg-info/dependency_links.txt
[1.122s] writing entry points to ../../build/path_planner/path_planner.egg-info/entry_points.txt
[1.122s] writing requirements to ../../build/path_planner/path_planner.egg-info/requires.txt
[1.122s] writing top-level names to ../../build/path_planner/path_planner.egg-info/top_level.txt
[1.124s] reading manifest file '../../build/path_planner/path_planner.egg-info/SOURCES.txt'
[1.125s] writing manifest file '../../build/path_planner/path_planner.egg-info/SOURCES.txt'
[1.125s] running build
[1.125s] running build_py
[1.126s] running install
[1.126s] running install_lib
[1.128s] running install_data
[1.128s] copying config/parameters.yaml -> /home/eleanorlow/spcrob/ros_ws2/install/path_planner/share/path_planner/config
[1.128s] running install_egg_info
[1.130s] removing '/home/eleanorlow/spcrob/ros_ws2/install/path_planner/lib/python3.10/site-packages/path_planner-0.0.0-py3.10.egg-info' (and everything under it)
[1.131s] Copying ../../build/path_planner/path_planner.egg-info to /home/eleanorlow/spcrob/ros_ws2/install/path_planner/lib/python3.10/site-packages/path_planner-0.0.0-py3.10.egg-info
[1.132s] running install_scripts
[1.156s] Installing graph_search_controller_node script to /home/eleanorlow/spcrob/ros_ws2/install/path_planner/lib/path_planner
[1.157s] writing list of installed files to '/home/eleanorlow/spcrob/ros_ws2/build/path_planner/install.log'
[1.190s] Invoked command in '/home/eleanorlow/spcrob/ros_ws2/src/path_planner' returned '0': PYTHONPATH=/home/eleanorlow/spcrob/ros_ws2/build/path_planner/prefix_override:/usr/lib/python3/dist-packages/colcon_core/task/python/colcon_distutils_commands:/home/eleanorlow/spcrob/ros_ws2/install/path_planner/lib/python3.10/site-packages:${PYTHONPATH} /usr/bin/python3 -W ignore:setup.py install is deprecated -W ignore:easy_install command is deprecated setup.py egg_info --egg-base ../../build/path_planner build --build-base /home/eleanorlow/spcrob/ros_ws2/build/path_planner/build install --record /home/eleanorlow/spcrob/ros_ws2/build/path_planner/install.log --single-version-externally-managed install_data
