[0.393s] Invoking command in '/home/eleanorlow/spcrob/ros_ws2/build/path_planner': PYTHONPATH=/home/eleanorlow/spcrob/ros_ws2/build/path_planner/build/path_planner/prefix_override:/usr/lib/python3/dist-packages/colcon_core/task/python/colcon_distutils_commands:/home/eleanorlow/spcrob/ros_ws2/build/path_planner/install/path_planner/lib/python3.10/site-packages:${PYTHONPATH} /usr/bin/python3 -W ignore:setup.py install is deprecated -W ignore:easy_install command is deprecated setup.py egg_info --egg-base build/path_planner build --build-base /home/eleanorlow/spcrob/ros_ws2/build/path_planner/build/path_planner/build install --record /home/eleanorlow/spcrob/ros_ws2/build/path_planner/build/path_planner/install.log --single-version-externally-managed install_data
[0.561s] running egg_info
[0.561s] creating build/path_planner/path_planner.egg-info
[0.561s] writing build/path_planner/path_planner.egg-info/PKG-INFO
[0.562s] writing dependency_links to build/path_planner/path_planner.egg-info/dependency_links.txt
[0.562s] writing entry points to build/path_planner/path_planner.egg-info/entry_points.txt
[0.562s] writing requirements to build/path_planner/path_planner.egg-info/requires.txt
[0.562s] writing top-level names to build/path_planner/path_planner.egg-info/top_level.txt
[0.562s] writing manifest file 'build/path_planner/path_planner.egg-info/SOURCES.txt'
[0.563s] reading manifest file 'build/path_planner/path_planner.egg-info/SOURCES.txt'
[0.564s] writing manifest file 'build/path_planner/path_planner.egg-info/SOURCES.txt'
[0.564s] running build
[0.564s] running build_py
[0.564s] creating /home/eleanorlow/spcrob/ros_ws2/build/path_planner/build/path_planner/build
[0.564s] creating /home/eleanorlow/spcrob/ros_ws2/build/path_planner/build/path_planner/build/lib
[0.564s] creating /home/eleanorlow/spcrob/ros_ws2/build/path_planner/build/path_planner/build/lib/path_planner
[0.564s] copying path_planner/graph_search.py -> /home/eleanorlow/spcrob/ros_ws2/build/path_planner/build/path_planner/build/lib/path_planner
[0.564s] copying path_planner/graph.py -> /home/eleanorlow/spcrob/ros_ws2/build/path_planner/build/path_planner/build/lib/path_planner
[0.564s] copying path_planner/__init__.py -> /home/eleanorlow/spcrob/ros_ws2/build/path_planner/build/path_planner/build/lib/path_planner
[0.564s] copying path_planner/controller_node.py -> /home/eleanorlow/spcrob/ros_ws2/build/path_planner/build/path_planner/build/lib/path_planner
[0.564s] copying path_planner/path_smoother.py -> /home/eleanorlow/spcrob/ros_ws2/build/path_planner/build/path_planner/build/lib/path_planner
[0.564s] copying path_planner/map.py -> /home/eleanorlow/spcrob/ros_ws2/build/path_planner/build/path_planner/build/lib/path_planner
[0.564s] running install
[0.564s] running install_lib
[0.566s] creating /home/eleanorlow/spcrob/ros_ws2/build/path_planner/install/path_planner/lib/python3.10/site-packages/path_planner
[0.566s] copying /home/eleanorlow/spcrob/ros_ws2/build/path_planner/build/path_planner/build/lib/path_planner/graph_search.py -> /home/eleanorlow/spcrob/ros_ws2/build/path_planner/install/path_planner/lib/python3.10/site-packages/path_planner
[0.566s] copying /home/eleanorlow/spcrob/ros_ws2/build/path_planner/build/path_planner/build/lib/path_planner/graph.py -> /home/eleanorlow/spcrob/ros_ws2/build/path_planner/install/path_planner/lib/python3.10/site-packages/path_planner
[0.566s] copying /home/eleanorlow/spcrob/ros_ws2/build/path_planner/build/path_planner/build/lib/path_planner/__init__.py -> /home/eleanorlow/spcrob/ros_ws2/build/path_planner/install/path_planner/lib/python3.10/site-packages/path_planner
[0.566s] copying /home/eleanorlow/spcrob/ros_ws2/build/path_planner/build/path_planner/build/lib/path_planner/controller_node.py -> /home/eleanorlow/spcrob/ros_ws2/build/path_planner/install/path_planner/lib/python3.10/site-packages/path_planner
[0.566s] copying /home/eleanorlow/spcrob/ros_ws2/build/path_planner/build/path_planner/build/lib/path_planner/path_smoother.py -> /home/eleanorlow/spcrob/ros_ws2/build/path_planner/install/path_planner/lib/python3.10/site-packages/path_planner
[0.566s] copying /home/eleanorlow/spcrob/ros_ws2/build/path_planner/build/path_planner/build/lib/path_planner/map.py -> /home/eleanorlow/spcrob/ros_ws2/build/path_planner/install/path_planner/lib/python3.10/site-packages/path_planner
[0.566s] byte-compiling /home/eleanorlow/spcrob/ros_ws2/build/path_planner/install/path_planner/lib/python3.10/site-packages/path_planner/graph_search.py to graph_search.cpython-310.pyc
[0.567s] byte-compiling /home/eleanorlow/spcrob/ros_ws2/build/path_planner/install/path_planner/lib/python3.10/site-packages/path_planner/graph.py to graph.cpython-310.pyc
[0.569s] byte-compiling /home/eleanorlow/spcrob/ros_ws2/build/path_planner/install/path_planner/lib/python3.10/site-packages/path_planner/__init__.py to __init__.cpython-310.pyc
[0.569s] byte-compiling /home/eleanorlow/spcrob/ros_ws2/build/path_planner/install/path_planner/lib/python3.10/site-packages/path_planner/controller_node.py to controller_node.cpython-310.pyc
[0.570s] byte-compiling /home/eleanorlow/spcrob/ros_ws2/build/path_planner/install/path_planner/lib/python3.10/site-packages/path_planner/path_smoother.py to path_smoother.cpython-310.pyc
[0.570s] byte-compiling /home/eleanorlow/spcrob/ros_ws2/build/path_planner/install/path_planner/lib/python3.10/site-packages/path_planner/map.py to map.cpython-310.pyc
[0.571s] running install_data
[0.571s] creating /home/eleanorlow/spcrob/ros_ws2/build/path_planner/install/path_planner/share/ament_index
[0.571s] creating /home/eleanorlow/spcrob/ros_ws2/build/path_planner/install/path_planner/share/ament_index/resource_index
[0.571s] creating /home/eleanorlow/spcrob/ros_ws2/build/path_planner/install/path_planner/share/ament_index/resource_index/packages
[0.571s] copying resource/path_planner -> /home/eleanorlow/spcrob/ros_ws2/build/path_planner/install/path_planner/share/ament_index/resource_index/packages
[0.571s] copying package.xml -> /home/eleanorlow/spcrob/ros_ws2/build/path_planner/install/path_planner/share/path_planner
[0.571s] creating /home/eleanorlow/spcrob/ros_ws2/build/path_planner/install/path_planner/share/path_planner/launch
[0.571s] copying launch/path_planner.launch.py -> /home/eleanorlow/spcrob/ros_ws2/build/path_planner/install/path_planner/share/path_planner/launch
[0.571s] creating /home/eleanorlow/spcrob/ros_ws2/build/path_planner/install/path_planner/share/path_planner/config
[0.572s] copying config/planner_conf.rviz -> /home/eleanorlow/spcrob/ros_ws2/build/path_planner/install/path_planner/share/path_planner/config
[0.572s] copying config/bastide_map.mat -> /home/eleanorlow/spcrob/ros_ws2/build/path_planner/install/path_planner/share/path_planner/config
[0.578s] copying config/parameters.yaml -> /home/eleanorlow/spcrob/ros_ws2/build/path_planner/install/path_planner/share/path_planner/config
[0.578s] running install_egg_info
[0.579s] Copying build/path_planner/path_planner.egg-info to /home/eleanorlow/spcrob/ros_ws2/build/path_planner/install/path_planner/lib/python3.10/site-packages/path_planner-0.0.0-py3.10.egg-info
[0.580s] running install_scripts
[0.593s] Installing graph_search_controller_node script to /home/eleanorlow/spcrob/ros_ws2/build/path_planner/install/path_planner/lib/path_planner
[0.593s] writing list of installed files to '/home/eleanorlow/spcrob/ros_ws2/build/path_planner/build/path_planner/install.log'
[0.610s] Invoked command in '/home/eleanorlow/spcrob/ros_ws2/build/path_planner' returned '0': PYTHONPATH=/home/eleanorlow/spcrob/ros_ws2/build/path_planner/build/path_planner/prefix_override:/usr/lib/python3/dist-packages/colcon_core/task/python/colcon_distutils_commands:/home/eleanorlow/spcrob/ros_ws2/build/path_planner/install/path_planner/lib/python3.10/site-packages:${PYTHONPATH} /usr/bin/python3 -W ignore:setup.py install is deprecated -W ignore:easy_install command is deprecated setup.py egg_info --egg-base build/path_planner build --build-base /home/eleanorlow/spcrob/ros_ws2/build/path_planner/build/path_planner/build install --record /home/eleanorlow/spcrob/ros_ws2/build/path_planner/build/path_planner/install.log --single-version-externally-managed install_data
