[0.895s] DEBUG:colcon:Command line arguments: ['/usr/bin/colcon', 'build']
[0.895s] DEBUG:colcon:Parsed command line arguments: Namespace(log_base=None, log_level=None, verb_name='build', build_base='build', install_base='install', merge_install=False, symlink_install=False, test_result_base=None, continue_on_error=False, executor='parallel', parallel_workers=8, event_handlers=None, ignore_user_meta=False, metas=['./colcon.meta'], base_paths=['.'], packages_ignore=None, packages_ignore_regex=None, paths=None, packages_up_to=None, packages_up_to_regex=None, packages_above=None, packages_above_and_dependencies=None, packages_above_depth=None, packages_select_by_dep=None, packages_skip_by_dep=None, packages_skip_up_to=None, packages_select_build_failed=False, packages_skip_build_finished=False, packages_select_test_failures=False, packages_skip_test_passed=False, packages_select=None, packages_skip=None, packages_select_regex=None, packages_skip_regex=None, packages_start=None, packages_end=None, allow_overriding=[], cmake_args=None, cmake_target=None, cmake_target_skip_unavailable=False, cmake_clean_cache=False, cmake_clean_first=False, cmake_force_configure=False, ament_cmake_args=None, catkin_cmake_args=None, catkin_skip_building_tests=False, mixin_files=None, mixin=None, verb_parser=<colcon_mixin.mixin.mixin_argument.MixinArgumentDecorator object at 0x724de9b676d0>, verb_extension=<colcon_core.verb.build.BuildVerb object at 0x724de9b66c20>, main=<bound method BuildVerb.main of <colcon_core.verb.build.BuildVerb object at 0x724de9b66c20>>, mixin_verb=('build',))
[2.258s] Level 1:colcon.colcon_core.package_discovery:discover_packages(colcon_meta) check parameters
[2.259s] Level 1:colcon.colcon_core.package_discovery:discover_packages(recursive) check parameters
[2.259s] Level 1:colcon.colcon_core.package_discovery:discover_packages(ignore) check parameters
[2.259s] Level 1:colcon.colcon_core.package_discovery:discover_packages(path) check parameters
[2.259s] Level 1:colcon.colcon_core.package_discovery:discover_packages(colcon_meta) discover
[2.259s] Level 1:colcon.colcon_core.package_discovery:discover_packages(recursive) discover
[2.259s] INFO:colcon.colcon_core.package_discovery:Crawling recursively for packages in '/home/eleanorlow/spcrob/ros_ws2'
[2.259s] Level 1:colcon.colcon_core.package_identification:_identify(.) by extensions ['ignore', 'ignore_ament_install']
[2.259s] Level 1:colcon.colcon_core.package_identification:_identify(.) by extension 'ignore'
[2.260s] Level 1:colcon.colcon_core.package_identification:_identify(.) by extension 'ignore_ament_install'
[2.260s] Level 1:colcon.colcon_core.package_identification:_identify(.) by extensions ['colcon_pkg']
[2.260s] Level 1:colcon.colcon_core.package_identification:_identify(.) by extension 'colcon_pkg'
[2.260s] Level 1:colcon.colcon_core.package_identification:_identify(.) by extensions ['colcon_meta']
[2.260s] Level 1:colcon.colcon_core.package_identification:_identify(.) by extension 'colcon_meta'
[2.260s] Level 1:colcon.colcon_core.package_identification:_identify(.) by extensions ['ros']
[2.260s] Level 1:colcon.colcon_core.package_identification:_identify(.) by extension 'ros'
[2.321s] Level 1:colcon.colcon_core.package_identification:_identify(.) by extensions ['cmake', 'python']
[2.321s] Level 1:colcon.colcon_core.package_identification:_identify(.) by extension 'cmake'
[2.321s] Level 1:colcon.colcon_core.package_identification:_identify(.) by extension 'python'
[2.321s] Level 1:colcon.colcon_core.package_identification:_identify(.) by extensions ['python_setup_py']
[2.322s] Level 1:colcon.colcon_core.package_identification:_identify(.) by extension 'python_setup_py'
[2.322s] Level 1:colcon.colcon_core.package_identification:_identify(build) by extensions ['ignore', 'ignore_ament_install']
[2.322s] Level 1:colcon.colcon_core.package_identification:_identify(build) by extension 'ignore'
[2.322s] Level 1:colcon.colcon_core.package_identification:_identify(build) ignored
[2.322s] Level 1:colcon.colcon_core.package_identification:_identify(install) by extensions ['ignore', 'ignore_ament_install']
[2.322s] Level 1:colcon.colcon_core.package_identification:_identify(install) by extension 'ignore'
[2.322s] Level 1:colcon.colcon_core.package_identification:_identify(install) ignored
[2.322s] Level 1:colcon.colcon_core.package_identification:_identify(log) by extensions ['ignore', 'ignore_ament_install']
[2.322s] Level 1:colcon.colcon_core.package_identification:_identify(log) by extension 'ignore'
[2.322s] Level 1:colcon.colcon_core.package_identification:_identify(log) ignored
[2.323s] Level 1:colcon.colcon_core.package_identification:_identify(src) by extensions ['ignore', 'ignore_ament_install']
[2.323s] Level 1:colcon.colcon_core.package_identification:_identify(src) by extension 'ignore'
[2.323s] Level 1:colcon.colcon_core.package_identification:_identify(src) by extension 'ignore_ament_install'
[2.323s] Level 1:colcon.colcon_core.package_identification:_identify(src) by extensions ['colcon_pkg']
[2.323s] Level 1:colcon.colcon_core.package_identification:_identify(src) by extension 'colcon_pkg'
[2.323s] Level 1:colcon.colcon_core.package_identification:_identify(src) by extensions ['colcon_meta']
[2.323s] Level 1:colcon.colcon_core.package_identification:_identify(src) by extension 'colcon_meta'
[2.323s] Level 1:colcon.colcon_core.package_identification:_identify(src) by extensions ['ros']
[2.323s] Level 1:colcon.colcon_core.package_identification:_identify(src) by extension 'ros'
[2.323s] Level 1:colcon.colcon_core.package_identification:_identify(src) by extensions ['cmake', 'python']
[2.323s] Level 1:colcon.colcon_core.package_identification:_identify(src) by extension 'cmake'
[2.323s] Level 1:colcon.colcon_core.package_identification:_identify(src) by extension 'python'
[2.323s] Level 1:colcon.colcon_core.package_identification:_identify(src) by extensions ['python_setup_py']
[2.323s] Level 1:colcon.colcon_core.package_identification:_identify(src) by extension 'python_setup_py'
[2.323s] Level 1:colcon.colcon_core.package_identification:_identify(src/path_planner) by extensions ['ignore', 'ignore_ament_install']
[2.324s] Level 1:colcon.colcon_core.package_identification:_identify(src/path_planner) by extension 'ignore'
[2.324s] Level 1:colcon.colcon_core.package_identification:_identify(src/path_planner) by extension 'ignore_ament_install'
[2.324s] Level 1:colcon.colcon_core.package_identification:_identify(src/path_planner) by extensions ['colcon_pkg']
[2.324s] Level 1:colcon.colcon_core.package_identification:_identify(src/path_planner) by extension 'colcon_pkg'
[2.324s] Level 1:colcon.colcon_core.package_identification:_identify(src/path_planner) by extensions ['colcon_meta']
[2.324s] Level 1:colcon.colcon_core.package_identification:_identify(src/path_planner) by extension 'colcon_meta'
[2.324s] Level 1:colcon.colcon_core.package_identification:_identify(src/path_planner) by extensions ['ros']
[2.324s] Level 1:colcon.colcon_core.package_identification:_identify(src/path_planner) by extension 'ros'
[2.356s] DEBUG:colcon.colcon_core.package_identification:Package 'src/path_planner' with type 'ros.ament_python' and name 'path_planner'
[2.356s] Level 1:colcon.colcon_core.package_discovery:discover_packages(recursive) using defaults
[2.356s] Level 1:colcon.colcon_core.package_discovery:discover_packages(ignore) discover
[2.356s] Level 1:colcon.colcon_core.package_discovery:discover_packages(ignore) using defaults
[2.356s] Level 1:colcon.colcon_core.package_discovery:discover_packages(path) discover
[2.356s] Level 1:colcon.colcon_core.package_discovery:discover_packages(path) using defaults
[2.518s] Level 1:colcon.colcon_core.package_discovery:discover_packages(prefix_path) check parameters
[2.518s] Level 1:colcon.colcon_core.package_discovery:discover_packages(prefix_path) discover
[2.561s] DEBUG:colcon.colcon_installed_package_information.package_discovery:Found 1 installed packages in /home/eleanorlow/spcrob/ros_ws2/install
[2.562s] DEBUG:colcon.colcon_installed_package_information.package_discovery:Found 3 installed packages in /home/eleanorlow/spcrob/ros_ws/install
[2.563s] DEBUG:colcon.colcon_installed_package_information.package_discovery:Found 3 installed packages in /home/eleanorlow/robo1/install
[2.563s] DEBUG:colcon.colcon_installed_package_information.package_discovery:Found 1 installed packages in /home/eleanorlow/spcrob/pythonTutorial/colcon_ws/install
[2.567s] DEBUG:colcon.colcon_installed_package_information.package_discovery:Found 427 installed packages in /opt/ros/humble
[2.571s] Level 1:colcon.colcon_core.package_discovery:discover_packages(prefix_path) using defaults
[2.756s] Level 5:colcon.colcon_core.verb:set package 'path_planner' build argument 'cmake_args' from command line to 'None'
[2.757s] Level 5:colcon.colcon_core.verb:set package 'path_planner' build argument 'cmake_target' from command line to 'None'
[2.757s] Level 5:colcon.colcon_core.verb:set package 'path_planner' build argument 'cmake_target_skip_unavailable' from command line to 'False'
[2.757s] Level 5:colcon.colcon_core.verb:set package 'path_planner' build argument 'cmake_clean_cache' from command line to 'False'
[2.757s] Level 5:colcon.colcon_core.verb:set package 'path_planner' build argument 'cmake_clean_first' from command line to 'False'
[2.757s] Level 5:colcon.colcon_core.verb:set package 'path_planner' build argument 'cmake_force_configure' from command line to 'False'
[2.757s] Level 5:colcon.colcon_core.verb:set package 'path_planner' build argument 'ament_cmake_args' from command line to 'None'
[2.757s] Level 5:colcon.colcon_core.verb:set package 'path_planner' build argument 'catkin_cmake_args' from command line to 'None'
[2.757s] Level 5:colcon.colcon_core.verb:set package 'path_planner' build argument 'catkin_skip_building_tests' from command line to 'False'
[2.757s] DEBUG:colcon.colcon_core.verb:Building package 'path_planner' with the following arguments: {'ament_cmake_args': None, 'build_base': '/home/eleanorlow/spcrob/ros_ws2/build/path_planner', 'catkin_cmake_args': None, 'catkin_skip_building_tests': False, 'cmake_args': None, 'cmake_clean_cache': False, 'cmake_clean_first': False, 'cmake_force_configure': False, 'cmake_target': None, 'cmake_target_skip_unavailable': False, 'install_base': '/home/eleanorlow/spcrob/ros_ws2/install/path_planner', 'merge_install': False, 'path': '/home/eleanorlow/spcrob/ros_ws2/src/path_planner', 'symlink_install': False, 'test_result_base': None}
[2.757s] INFO:colcon.colcon_core.executor:Executing jobs using 'parallel' executor
[2.758s] DEBUG:colcon.colcon_parallel_executor.executor.parallel:run_until_complete
[2.758s] INFO:colcon.colcon_ros.task.ament_python.build:Building ROS package in '/home/eleanorlow/spcrob/ros_ws2/src/path_planner' with build type 'ament_python'
[2.758s] Level 1:colcon.colcon_core.shell:create_environment_hook('path_planner', 'ament_prefix_path')
[2.761s] INFO:colcon.colcon_core.plugin_system:Skipping extension 'colcon_core.shell.bat': Not used on non-Windows systems
[2.761s] INFO:colcon.colcon_core.shell:Creating environment hook '/home/eleanorlow/spcrob/ros_ws2/install/path_planner/share/path_planner/hook/ament_prefix_path.ps1'
[2.762s] INFO:colcon.colcon_core.shell:Creating environment descriptor '/home/eleanorlow/spcrob/ros_ws2/install/path_planner/share/path_planner/hook/ament_prefix_path.dsv'
[2.783s] INFO:colcon.colcon_core.shell:Creating environment hook '/home/eleanorlow/spcrob/ros_ws2/install/path_planner/share/path_planner/hook/ament_prefix_path.sh'
[2.785s] INFO:colcon.colcon_core.shell:Skip shell extension 'powershell' for command environment: Not usable outside of PowerShell
[2.785s] DEBUG:colcon.colcon_core.shell:Skip shell extension 'dsv' for command environment
[3.034s] INFO:colcon.colcon_core.task.python.build:Building Python package in '/home/eleanorlow/spcrob/ros_ws2/src/path_planner'
[3.034s] INFO:colcon.colcon_core.shell:Skip shell extension 'powershell' for command environment: Not usable outside of PowerShell
[3.034s] DEBUG:colcon.colcon_core.shell:Skip shell extension 'dsv' for command environment
[3.887s] DEBUG:colcon.colcon_core.event_handler.log_command:Invoking command in '/home/eleanorlow/spcrob/ros_ws2/src/path_planner': PYTHONPATH=/home/eleanorlow/spcrob/ros_ws2/build/path_planner/prefix_override:/usr/lib/python3/dist-packages/colcon_core/task/python/colcon_distutils_commands:/home/eleanorlow/spcrob/ros_ws2/install/path_planner/lib/python3.10/site-packages:${PYTHONPATH} /usr/bin/python3 -W ignore:setup.py install is deprecated -W ignore:easy_install command is deprecated setup.py egg_info --egg-base ../../build/path_planner build --build-base /home/eleanorlow/spcrob/ros_ws2/build/path_planner/build install --record /home/eleanorlow/spcrob/ros_ws2/build/path_planner/install.log --single-version-externally-managed install_data
[4.252s] DEBUG:colcon.colcon_core.event_handler.log_command:Invoked command in '/home/eleanorlow/spcrob/ros_ws2/src/path_planner' returned '0': PYTHONPATH=/home/eleanorlow/spcrob/ros_ws2/build/path_planner/prefix_override:/usr/lib/python3/dist-packages/colcon_core/task/python/colcon_distutils_commands:/home/eleanorlow/spcrob/ros_ws2/install/path_planner/lib/python3.10/site-packages:${PYTHONPATH} /usr/bin/python3 -W ignore:setup.py install is deprecated -W ignore:easy_install command is deprecated setup.py egg_info --egg-base ../../build/path_planner build --build-base /home/eleanorlow/spcrob/ros_ws2/build/path_planner/build install --record /home/eleanorlow/spcrob/ros_ws2/build/path_planner/install.log --single-version-externally-managed install_data
[4.272s] Level 1:colcon.colcon_core.environment:checking '/home/eleanorlow/spcrob/ros_ws2/install/path_planner' for CMake module files
[4.273s] Level 1:colcon.colcon_core.environment:checking '/home/eleanorlow/spcrob/ros_ws2/install/path_planner' for CMake config files
[4.274s] Level 1:colcon.colcon_core.environment:checking '/home/eleanorlow/spcrob/ros_ws2/install/path_planner/lib'
[4.274s] Level 1:colcon.colcon_core.environment:checking '/home/eleanorlow/spcrob/ros_ws2/install/path_planner/bin'
[4.274s] Level 1:colcon.colcon_core.environment:checking '/home/eleanorlow/spcrob/ros_ws2/install/path_planner/lib/pkgconfig/path_planner.pc'
[4.274s] Level 1:colcon.colcon_core.environment:checking '/home/eleanorlow/spcrob/ros_ws2/install/path_planner/lib/python3.10/site-packages'
[4.274s] Level 1:colcon.colcon_core.shell:create_environment_hook('path_planner', 'pythonpath')
[4.275s] INFO:colcon.colcon_core.shell:Creating environment hook '/home/eleanorlow/spcrob/ros_ws2/install/path_planner/share/path_planner/hook/pythonpath.ps1'
[4.276s] INFO:colcon.colcon_core.shell:Creating environment descriptor '/home/eleanorlow/spcrob/ros_ws2/install/path_planner/share/path_planner/hook/pythonpath.dsv'
[4.276s] INFO:colcon.colcon_core.shell:Creating environment hook '/home/eleanorlow/spcrob/ros_ws2/install/path_planner/share/path_planner/hook/pythonpath.sh'
[4.277s] Level 1:colcon.colcon_core.environment:checking '/home/eleanorlow/spcrob/ros_ws2/install/path_planner/bin'
[4.277s] Level 1:colcon.colcon_core.environment:create_environment_scripts_only(path_planner)
[4.278s] INFO:colcon.colcon_core.shell:Creating package script '/home/eleanorlow/spcrob/ros_ws2/install/path_planner/share/path_planner/package.ps1'
[4.279s] INFO:colcon.colcon_core.shell:Creating package descriptor '/home/eleanorlow/spcrob/ros_ws2/install/path_planner/share/path_planner/package.dsv'
[4.281s] INFO:colcon.colcon_core.shell:Creating package script '/home/eleanorlow/spcrob/ros_ws2/install/path_planner/share/path_planner/package.sh'
[4.282s] INFO:colcon.colcon_core.shell:Creating package script '/home/eleanorlow/spcrob/ros_ws2/install/path_planner/share/path_planner/package.bash'
[4.284s] INFO:colcon.colcon_core.shell:Creating package script '/home/eleanorlow/spcrob/ros_ws2/install/path_planner/share/path_planner/package.zsh'
[4.320s] Level 1:colcon.colcon_core.environment:create_file_with_runtime_dependencies(/home/eleanorlow/spcrob/ros_ws2/install/path_planner/share/colcon-core/packages/path_planner)
[4.320s] DEBUG:colcon.colcon_parallel_executor.executor.parallel:closing loop
[4.321s] DEBUG:colcon.colcon_parallel_executor.executor.parallel:loop closed
[4.321s] DEBUG:colcon.colcon_parallel_executor.executor.parallel:run_until_complete finished with '0'
[4.321s] DEBUG:colcon.colcon_core.event_reactor:joining thread
[4.343s] INFO:colcon.colcon_core.plugin_system:Skipping extension 'colcon_notification.desktop_notification.terminal_notifier': Not used on non-Darwin systems
[4.343s] INFO:colcon.colcon_core.plugin_system:Skipping extension 'colcon_notification.desktop_notification.win32': Not used on non-Windows systems
[4.343s] INFO:colcon.colcon_notification.desktop_notification:Sending desktop notification using 'notify2'
[4.380s] DEBUG:colcon.colcon_core.event_reactor:joined thread
[4.381s] INFO:colcon.colcon_core.shell:Creating prefix script '/home/eleanorlow/spcrob/ros_ws2/install/local_setup.ps1'
[4.386s] INFO:colcon.colcon_core.shell:Creating prefix util module '/home/eleanorlow/spcrob/ros_ws2/install/_local_setup_util_ps1.py'
[4.388s] INFO:colcon.colcon_core.shell:Creating prefix chain script '/home/eleanorlow/spcrob/ros_ws2/install/setup.ps1'
[4.389s] INFO:colcon.colcon_core.shell:Creating prefix script '/home/eleanorlow/spcrob/ros_ws2/install/local_setup.sh'
[4.390s] INFO:colcon.colcon_core.shell:Creating prefix util module '/home/eleanorlow/spcrob/ros_ws2/install/_local_setup_util_sh.py'
[4.391s] INFO:colcon.colcon_core.shell:Creating prefix chain script '/home/eleanorlow/spcrob/ros_ws2/install/setup.sh'
[4.392s] INFO:colcon.colcon_core.shell:Creating prefix script '/home/eleanorlow/spcrob/ros_ws2/install/local_setup.bash'
[4.392s] INFO:colcon.colcon_core.shell:Creating prefix chain script '/home/eleanorlow/spcrob/ros_ws2/install/setup.bash'
[4.394s] INFO:colcon.colcon_core.shell:Creating prefix script '/home/eleanorlow/spcrob/ros_ws2/install/local_setup.zsh'
[4.394s] INFO:colcon.colcon_core.shell:Creating prefix chain script '/home/eleanorlow/spcrob/ros_ws2/install/setup.zsh'
