[0.438s] Invoking command in '/home/eleanorlow/spcrob/ros_ws2/build/path_planner': PYTHONPATH=/home/eleanorlow/spcrob/ros_ws2/build/path_planner/build/path_planner/prefix_override:/usr/lib/python3/dist-packages/colcon_core/task/python/colcon_distutils_commands:/home/eleanorlow/spcrob/ros_ws2/build/path_planner/install/path_planner/lib/python3.10/site-packages:${PYTHONPATH} /usr/bin/python3 -W ignore:setup.py install is deprecated -W ignore:easy_install command is deprecated setup.py egg_info --egg-base build/path_planner build --build-base /home/eleanorlow/spcrob/ros_ws2/build/path_planner/build/path_planner/build install --record /home/eleanorlow/spcrob/ros_ws2/build/path_planner/build/path_planner/install.log --single-version-externally-managed install_data
[0.608s] running egg_info
[0.608s] writing build/path_planner/path_planner.egg-info/PKG-INFO
[0.608s] writing dependency_links to build/path_planner/path_planner.egg-info/dependency_links.txt
[0.609s] writing entry points to build/path_planner/path_planner.egg-info/entry_points.txt
[0.609s] writing requirements to build/path_planner/path_planner.egg-info/requires.txt
[0.609s] writing top-level names to build/path_planner/path_planner.egg-info/top_level.txt
[0.610s] reading manifest file 'build/path_planner/path_planner.egg-info/SOURCES.txt'
[0.611s] writing manifest file 'build/path_planner/path_planner.egg-info/SOURCES.txt'
[0.611s] running build
[0.611s] running build_py
[0.611s] copying path_planner/graph.py -> /home/eleanorlow/spcrob/ros_ws2/build/path_planner/build/path_planner/build/lib/path_planner
[0.611s] running install
[0.611s] running install_lib
[0.613s] copying /home/eleanorlow/spcrob/ros_ws2/build/path_planner/build/path_planner/build/lib/path_planner/graph.py -> /home/eleanorlow/spcrob/ros_ws2/build/path_planner/install/path_planner/lib/python3.10/site-packages/path_planner
[0.613s] byte-compiling /home/eleanorlow/spcrob/ros_ws2/build/path_planner/install/path_planner/lib/python3.10/site-packages/path_planner/graph.py to graph.cpython-310.pyc
[0.616s] running install_data
[0.616s] running install_egg_info
[0.617s] removing '/home/eleanorlow/spcrob/ros_ws2/build/path_planner/install/path_planner/lib/python3.10/site-packages/path_planner-0.0.0-py3.10.egg-info' (and everything under it)
[0.617s] Copying build/path_planner/path_planner.egg-info to /home/eleanorlow/spcrob/ros_ws2/build/path_planner/install/path_planner/lib/python3.10/site-packages/path_planner-0.0.0-py3.10.egg-info
[0.618s] running install_scripts
[0.633s] Installing graph_search_controller_node script to /home/eleanorlow/spcrob/ros_ws2/build/path_planner/install/path_planner/lib/path_planner
[0.633s] writing list of installed files to '/home/eleanorlow/spcrob/ros_ws2/build/path_planner/build/path_planner/install.log'
[0.654s] Invoked command in '/home/eleanorlow/spcrob/ros_ws2/build/path_planner' returned '0': PYTHONPATH=/home/eleanorlow/spcrob/ros_ws2/build/path_planner/build/path_planner/prefix_override:/usr/lib/python3/dist-packages/colcon_core/task/python/colcon_distutils_commands:/home/eleanorlow/spcrob/ros_ws2/build/path_planner/install/path_planner/lib/python3.10/site-packages:${PYTHONPATH} /usr/bin/python3 -W ignore:setup.py install is deprecated -W ignore:easy_install command is deprecated setup.py egg_info --egg-base build/path_planner build --build-base /home/eleanorlow/spcrob/ros_ws2/build/path_planner/build/path_planner/build install --record /home/eleanorlow/spcrob/ros_ws2/build/path_planner/build/path_planner/install.log --single-version-externally-managed install_data
