[0.457s] Invoking command in '/home/eleanorlow/spcrob/ros_ws2/src/path_planner': PYTHONPATH=/home/eleanorlow/spcrob/ros_ws2/build/path_planner/prefix_override:/usr/lib/python3/dist-packages/colcon_core/task/python/colcon_distutils_commands:/home/eleanorlow/spcrob/ros_ws2/install/path_planner/lib/python3.10/site-packages:${PYTHONPATH} /usr/bin/python3 -W ignore:setup.py install is deprecated -W ignore:easy_install command is deprecated setup.py egg_info --egg-base ../../build/path_planner build --build-base /home/eleanorlow/spcrob/ros_ws2/build/path_planner/build install --record /home/eleanorlow/spcrob/ros_ws2/build/path_planner/install.log --single-version-externally-managed install_data
[0.625s] running egg_info
[0.625s] writing ../../build/path_planner/path_planner.egg-info/PKG-INFO
[0.625s] writing dependency_links to ../../build/path_planner/path_planner.egg-info/dependency_links.txt
[0.626s] writing entry points to ../../build/path_planner/path_planner.egg-info/entry_points.txt
[0.626s] writing requirements to ../../build/path_planner/path_planner.egg-info/requires.txt
[0.626s] writing top-level names to ../../build/path_planner/path_planner.egg-info/top_level.txt
[0.627s] reading manifest file '../../build/path_planner/path_planner.egg-info/SOURCES.txt'
[0.628s] writing manifest file '../../build/path_planner/path_planner.egg-info/SOURCES.txt'
[0.628s] running build
[0.628s] running build_py
[0.628s] copying path_planner/graph.py -> /home/eleanorlow/spcrob/ros_ws2/build/path_planner/build/lib/path_planner
[0.629s] running install
[0.629s] running install_lib
[0.630s] copying /home/eleanorlow/spcrob/ros_ws2/build/path_planner/build/lib/path_planner/graph.py -> /home/eleanorlow/spcrob/ros_ws2/install/path_planner/lib/python3.10/site-packages/path_planner
[0.631s] byte-compiling /home/eleanorlow/spcrob/ros_ws2/install/path_planner/lib/python3.10/site-packages/path_planner/graph.py to graph.cpython-310.pyc
[0.633s] running install_data
[0.634s] running install_egg_info
[0.635s] removing '/home/eleanorlow/spcrob/ros_ws2/install/path_planner/lib/python3.10/site-packages/path_planner-0.0.0-py3.10.egg-info' (and everything under it)
[0.635s] Copying ../../build/path_planner/path_planner.egg-info to /home/eleanorlow/spcrob/ros_ws2/install/path_planner/lib/python3.10/site-packages/path_planner-0.0.0-py3.10.egg-info
[0.636s] running install_scripts
[0.650s] Installing graph_search_controller_node script to /home/eleanorlow/spcrob/ros_ws2/install/path_planner/lib/path_planner
[0.650s] writing list of installed files to '/home/eleanorlow/spcrob/ros_ws2/build/path_planner/install.log'
[0.669s] Invoked command in '/home/eleanorlow/spcrob/ros_ws2/src/path_planner' returned '0': PYTHONPATH=/home/eleanorlow/spcrob/ros_ws2/build/path_planner/prefix_override:/usr/lib/python3/dist-packages/colcon_core/task/python/colcon_distutils_commands:/home/eleanorlow/spcrob/ros_ws2/install/path_planner/lib/python3.10/site-packages:${PYTHONPATH} /usr/bin/python3 -W ignore:setup.py install is deprecated -W ignore:easy_install command is deprecated setup.py egg_info --egg-base ../../build/path_planner build --build-base /home/eleanorlow/spcrob/ros_ws2/build/path_planner/build install --record /home/eleanorlow/spcrob/ros_ws2/build/path_planner/install.log --single-version-externally-managed install_data
