[1.136s] Invoking command in '/home/eleanorlow/spcrob/ros_ws2/src/path_planner': PYTHONPATH=/home/eleanorlow/spcrob/ros_ws2/build/path_planner/prefix_override:/usr/lib/python3/dist-packages/colcon_core/task/python/colcon_distutils_commands:/home/eleanorlow/spcrob/ros_ws2/install/path_planner/lib/python3.10/site-packages:${PYTHONPATH} /usr/bin/python3 -W ignore:setup.py install is deprecated -W ignore:easy_install command is deprecated setup.py egg_info --egg-base ../../build/path_planner build --build-base /home/eleanorlow/spcrob/ros_ws2/build/path_planner/build install --record /home/eleanorlow/spcrob/ros_ws2/build/path_planner/install.log --single-version-externally-managed install_data
[1.588s] running egg_info
[1.589s] writing ../../build/path_planner/path_planner.egg-info/PKG-INFO
[1.589s] writing dependency_links to ../../build/path_planner/path_planner.egg-info/dependency_links.txt
[1.589s] writing entry points to ../../build/path_planner/path_planner.egg-info/entry_points.txt
[1.590s] writing requirements to ../../build/path_planner/path_planner.egg-info/requires.txt
[1.590s] writing top-level names to ../../build/path_planner/path_planner.egg-info/top_level.txt
[1.593s] reading manifest file '../../build/path_planner/path_planner.egg-info/SOURCES.txt'
[1.595s] writing manifest file '../../build/path_planner/path_planner.egg-info/SOURCES.txt'
[1.595s] running build
[1.595s] running build_py
[1.595s] copying path_planner/graph_search.py -> /home/eleanorlow/spcrob/ros_ws2/build/path_planner/build/lib/path_planner
[1.596s] running install
[1.597s] running install_lib
[1.600s] copying /home/eleanorlow/spcrob/ros_ws2/build/path_planner/build/lib/path_planner/graph_search.py -> /home/eleanorlow/spcrob/ros_ws2/install/path_planner/lib/python3.10/site-packages/path_planner
[1.601s] byte-compiling /home/eleanorlow/spcrob/ros_ws2/install/path_planner/lib/python3.10/site-packages/path_planner/graph_search.py to graph_search.cpython-310.pyc
[1.603s] running install_data
[1.603s] running install_egg_info
[1.606s] removing '/home/eleanorlow/spcrob/ros_ws2/install/path_planner/lib/python3.10/site-packages/path_planner-0.0.0-py3.10.egg-info' (and everything under it)
[1.607s] Copying ../../build/path_planner/path_planner.egg-info to /home/eleanorlow/spcrob/ros_ws2/install/path_planner/lib/python3.10/site-packages/path_planner-0.0.0-py3.10.egg-info
[1.608s] running install_scripts
[1.648s] Installing graph_search_controller_node script to /home/eleanorlow/spcrob/ros_ws2/install/path_planner/lib/path_planner
[1.648s] writing list of installed files to '/home/eleanorlow/spcrob/ros_ws2/build/path_planner/install.log'
[1.691s] Invoked command in '/home/eleanorlow/spcrob/ros_ws2/src/path_planner' returned '0': PYTHONPATH=/home/eleanorlow/spcrob/ros_ws2/build/path_planner/prefix_override:/usr/lib/python3/dist-packages/colcon_core/task/python/colcon_distutils_commands:/home/eleanorlow/spcrob/ros_ws2/install/path_planner/lib/python3.10/site-packages:${PYTHONPATH} /usr/bin/python3 -W ignore:setup.py install is deprecated -W ignore:easy_install command is deprecated setup.py egg_info --egg-base ../../build/path_planner build --build-base /home/eleanorlow/spcrob/ros_ws2/build/path_planner/build install --record /home/eleanorlow/spcrob/ros_ws2/build/path_planner/install.log --single-version-externally-managed install_data
