[0.455s] Invoking command in '/home/eleanorlow/spcrob/ros_ws2/src/path_planner': PYTHONPATH=/home/eleanorlow/spcrob/ros_ws2/build/path_planner/prefix_override:/usr/lib/python3/dist-packages/colcon_core/task/python/colcon_distutils_commands:/home/eleanorlow/spcrob/ros_ws2/install/path_planner/lib/python3.10/site-packages:${PYTHONPATH} /usr/bin/python3 -W ignore:setup.py install is deprecated -W ignore:easy_install command is deprecated setup.py egg_info --egg-base ../../build/path_planner build --build-base /home/eleanorlow/spcrob/ros_ws2/build/path_planner/build install --record /home/eleanorlow/spcrob/ros_ws2/build/path_planner/install.log --single-version-externally-managed install_data
[0.630s] running egg_info
[0.630s] writing ../../build/path_planner/path_planner.egg-info/PKG-INFO
[0.630s] writing dependency_links to ../../build/path_planner/path_planner.egg-info/dependency_links.txt
[0.630s] writing entry points to ../../build/path_planner/path_planner.egg-info/entry_points.txt
[0.631s] writing requirements to ../../build/path_planner/path_planner.egg-info/requires.txt
[0.631s] writing top-level names to ../../build/path_planner/path_planner.egg-info/top_level.txt
[0.632s] reading manifest file '../../build/path_planner/path_planner.egg-info/SOURCES.txt'
[0.633s] writing manifest file '../../build/path_planner/path_planner.egg-info/SOURCES.txt'
[0.633s] running build
[0.633s] running build_py
[0.633s] copying path_planner/graph.py -> /home/eleanorlow/spcrob/ros_ws2/build/path_planner/build/lib/path_planner
[0.633s] running install
[0.634s] running install_lib
[0.634s] copying /home/eleanorlow/spcrob/ros_ws2/build/path_planner/build/lib/path_planner/graph.py -> /home/eleanorlow/spcrob/ros_ws2/install/path_planner/lib/python3.10/site-packages/path_planner
[0.635s] byte-compiling /home/eleanorlow/spcrob/ros_ws2/install/path_planner/lib/python3.10/site-packages/path_planner/graph.py to graph.cpython-310.pyc
[0.637s] running install_data
[0.637s] running install_egg_info
[0.640s] removing '/home/eleanorlow/spcrob/ros_ws2/install/path_planner/lib/python3.10/site-packages/path_planner-0.0.0-py3.10.egg-info' (and everything under it)
[0.640s] Copying ../../build/path_planner/path_planner.egg-info to /home/eleanorlow/spcrob/ros_ws2/install/path_planner/lib/python3.10/site-packages/path_planner-0.0.0-py3.10.egg-info
[0.640s] running install_scripts
[0.655s] Installing graph_search_controller_node script to /home/eleanorlow/spcrob/ros_ws2/install/path_planner/lib/path_planner
[0.655s] writing list of installed files to '/home/eleanorlow/spcrob/ros_ws2/build/path_planner/install.log'
[0.673s] Invoked command in '/home/eleanorlow/spcrob/ros_ws2/src/path_planner' returned '0': PYTHONPATH=/home/eleanorlow/spcrob/ros_ws2/build/path_planner/prefix_override:/usr/lib/python3/dist-packages/colcon_core/task/python/colcon_distutils_commands:/home/eleanorlow/spcrob/ros_ws2/install/path_planner/lib/python3.10/site-packages:${PYTHONPATH} /usr/bin/python3 -W ignore:setup.py install is deprecated -W ignore:easy_install command is deprecated setup.py egg_info --egg-base ../../build/path_planner build --build-base /home/eleanorlow/spcrob/ros_ws2/build/path_planner/build install --record /home/eleanorlow/spcrob/ros_ws2/build/path_planner/install.log --single-version-externally-managed install_data
