[1.433s] Invoking command in '/home/eleanorlow/spcrob/ros_ws2/build/path_planner': PYTHONPATH=/home/eleanorlow/spcrob/ros_ws2/build/path_planner/prefix_override:/usr/lib/python3/dist-packages/colcon_core/task/python/colcon_distutils_commands:/home/eleanorlow/spcrob/ros_ws2/install/path_planner/lib/python3.10/site-packages:${PYTHONPATH} /usr/bin/python3 -W ignore:setup.py install is deprecated -W ignore:easy_install command is deprecated setup.py develop --uninstall --editable --build-directory /home/eleanorlow/spcrob/ros_ws2/build/path_planner/build
[1.917s] running develop
[2.252s] Removing /home/eleanorlow/spcrob/ros_ws2/install/path_planner/lib/python3.10/site-packages/path-planner.egg-link (link to .)
[2.299s] Invoked command in '/home/eleanorlow/spcrob/ros_ws2/build/path_planner' returned '0': PYTHONPATH=/home/eleanorlow/spcrob/ros_ws2/build/path_planner/prefix_override:/usr/lib/python3/dist-packages/colcon_core/task/python/colcon_distutils_commands:/home/eleanorlow/spcrob/ros_ws2/install/path_planner/lib/python3.10/site-packages:${PYTHONPATH} /usr/bin/python3 -W ignore:setup.py install is deprecated -W ignore:easy_install command is deprecated setup.py develop --uninstall --editable --build-directory /home/eleanorlow/spcrob/ros_ws2/build/path_planner/build
[2.302s] Invoking command in '/home/eleanorlow/spcrob/ros_ws2/src/path_planner': PYTHONPATH=/home/eleanorlow/spcrob/ros_ws2/build/path_planner/prefix_override:/usr/lib/python3/dist-packages/colcon_core/task/python/colcon_distutils_commands:/home/eleanorlow/spcrob/ros_ws2/install/path_planner/lib/python3.10/site-packages:${PYTHONPATH} /usr/bin/python3 -W ignore:setup.py install is deprecated -W ignore:easy_install command is deprecated setup.py egg_info --egg-base ../../build/path_planner build --build-base /home/eleanorlow/spcrob/ros_ws2/build/path_planner/build install --record /home/eleanorlow/spcrob/ros_ws2/build/path_planner/install.log --single-version-externally-managed install_data --force
[2.749s] running egg_info
[2.750s] writing ../../build/path_planner/path_planner.egg-info/PKG-INFO
[2.750s] writing dependency_links to ../../build/path_planner/path_planner.egg-info/dependency_links.txt
[2.750s] writing entry points to ../../build/path_planner/path_planner.egg-info/entry_points.txt
[2.751s] writing requirements to ../../build/path_planner/path_planner.egg-info/requires.txt
[2.751s] writing top-level names to ../../build/path_planner/path_planner.egg-info/top_level.txt
[2.754s] reading manifest file '../../build/path_planner/path_planner.egg-info/SOURCES.txt'
[2.792s] writing manifest file '../../build/path_planner/path_planner.egg-info/SOURCES.txt'
[2.792s] running build
[2.793s] running build_py
[2.793s] creating /home/eleanorlow/spcrob/ros_ws2/build/path_planner/build/lib
[2.793s] creating /home/eleanorlow/spcrob/ros_ws2/build/path_planner/build/lib/path_planner
[2.793s] copying path_planner/graph_search.py -> /home/eleanorlow/spcrob/ros_ws2/build/path_planner/build/lib/path_planner
[2.794s] copying path_planner/graph.py -> /home/eleanorlow/spcrob/ros_ws2/build/path_planner/build/lib/path_planner
[2.794s] copying path_planner/__init__.py -> /home/eleanorlow/spcrob/ros_ws2/build/path_planner/build/lib/path_planner
[2.794s] copying path_planner/controller_node.py -> /home/eleanorlow/spcrob/ros_ws2/build/path_planner/build/lib/path_planner
[2.794s] copying path_planner/path_smoother.py -> /home/eleanorlow/spcrob/ros_ws2/build/path_planner/build/lib/path_planner
[2.794s] copying path_planner/map.py -> /home/eleanorlow/spcrob/ros_ws2/build/path_planner/build/lib/path_planner
[2.795s] running install
[2.795s] running install_lib
[2.798s] creating /home/eleanorlow/spcrob/ros_ws2/install/path_planner/lib/python3.10/site-packages/path_planner
[2.798s] copying /home/eleanorlow/spcrob/ros_ws2/build/path_planner/build/lib/path_planner/graph_search.py -> /home/eleanorlow/spcrob/ros_ws2/install/path_planner/lib/python3.10/site-packages/path_planner
[2.798s] copying /home/eleanorlow/spcrob/ros_ws2/build/path_planner/build/lib/path_planner/graph.py -> /home/eleanorlow/spcrob/ros_ws2/install/path_planner/lib/python3.10/site-packages/path_planner
[2.798s] copying /home/eleanorlow/spcrob/ros_ws2/build/path_planner/build/lib/path_planner/__init__.py -> /home/eleanorlow/spcrob/ros_ws2/install/path_planner/lib/python3.10/site-packages/path_planner
[2.799s] copying /home/eleanorlow/spcrob/ros_ws2/build/path_planner/build/lib/path_planner/controller_node.py -> /home/eleanorlow/spcrob/ros_ws2/install/path_planner/lib/python3.10/site-packages/path_planner
[2.799s] copying /home/eleanorlow/spcrob/ros_ws2/build/path_planner/build/lib/path_planner/path_smoother.py -> /home/eleanorlow/spcrob/ros_ws2/install/path_planner/lib/python3.10/site-packages/path_planner
[2.799s] copying /home/eleanorlow/spcrob/ros_ws2/build/path_planner/build/lib/path_planner/map.py -> /home/eleanorlow/spcrob/ros_ws2/install/path_planner/lib/python3.10/site-packages/path_planner
[2.799s] byte-compiling /home/eleanorlow/spcrob/ros_ws2/install/path_planner/lib/python3.10/site-packages/path_planner/graph_search.py to graph_search.cpython-310.pyc
[2.801s] byte-compiling /home/eleanorlow/spcrob/ros_ws2/install/path_planner/lib/python3.10/site-packages/path_planner/graph.py to graph.cpython-310.pyc
[2.801s]   File "/home/eleanorlow/spcrob/ros_ws2/install/path_planner/lib/python3.10/site-packages/path_planner/graph_search.py", line 48
[2.801s]     if distance_to_goal < best_neighbour_distance
[2.801s]                                                  ^
[2.802s] SyntaxError: expected ':'
[2.802s] 
[2.807s] byte-compiling /home/eleanorlow/spcrob/ros_ws2/install/path_planner/lib/python3.10/site-packages/path_planner/__init__.py to __init__.cpython-310.pyc
[2.807s] byte-compiling /home/eleanorlow/spcrob/ros_ws2/install/path_planner/lib/python3.10/site-packages/path_planner/controller_node.py to controller_node.cpython-310.pyc
[2.809s] byte-compiling /home/eleanorlow/spcrob/ros_ws2/install/path_planner/lib/python3.10/site-packages/path_planner/path_smoother.py to path_smoother.cpython-310.pyc
[2.810s] byte-compiling /home/eleanorlow/spcrob/ros_ws2/install/path_planner/lib/python3.10/site-packages/path_planner/map.py to map.cpython-310.pyc
[2.812s] running install_data
[2.813s] copying resource/path_planner -> /home/eleanorlow/spcrob/ros_ws2/install/path_planner/share/ament_index/resource_index/packages
[2.813s] copying package.xml -> /home/eleanorlow/spcrob/ros_ws2/install/path_planner/share/path_planner
[2.813s] copying launch/path_planner.launch.py -> /home/eleanorlow/spcrob/ros_ws2/install/path_planner/share/path_planner/launch
[2.813s] copying config/planner_conf.rviz -> /home/eleanorlow/spcrob/ros_ws2/install/path_planner/share/path_planner/config
[2.813s] copying config/bastide_map.mat -> /home/eleanorlow/spcrob/ros_ws2/install/path_planner/share/path_planner/config
[2.901s] copying config/parameters.yaml -> /home/eleanorlow/spcrob/ros_ws2/install/path_planner/share/path_planner/config
[2.902s] running install_egg_info
[2.905s] Copying ../../build/path_planner/path_planner.egg-info to /home/eleanorlow/spcrob/ros_ws2/install/path_planner/lib/python3.10/site-packages/path_planner-0.0.0-py3.10.egg-info
[2.907s] running install_scripts
[2.949s] Installing graph_search_controller_node script to /home/eleanorlow/spcrob/ros_ws2/install/path_planner/lib/path_planner
[2.950s] writing list of installed files to '/home/eleanorlow/spcrob/ros_ws2/build/path_planner/install.log'
[3.001s] Invoked command in '/home/eleanorlow/spcrob/ros_ws2/src/path_planner' returned '0': PYTHONPATH=/home/eleanorlow/spcrob/ros_ws2/build/path_planner/prefix_override:/usr/lib/python3/dist-packages/colcon_core/task/python/colcon_distutils_commands:/home/eleanorlow/spcrob/ros_ws2/install/path_planner/lib/python3.10/site-packages:${PYTHONPATH} /usr/bin/python3 -W ignore:setup.py install is deprecated -W ignore:easy_install command is deprecated setup.py egg_info --egg-base ../../build/path_planner build --build-base /home/eleanorlow/spcrob/ros_ws2/build/path_planner/build install --record /home/eleanorlow/spcrob/ros_ws2/build/path_planner/install.log --single-version-externally-managed install_data --force
