[2.623s] DEBUG:colcon:Command line arguments: ['/usr/bin/colcon', 'build', '--symlink-install']
[2.623s] DEBUG:colcon:Parsed command line arguments: Namespace(log_base=None, log_level=None, verb_name='build', build_base='build', install_base='install', merge_install=False, symlink_install=True, test_result_base=None, continue_on_error=False, executor='parallel', parallel_workers=8, event_handlers=None, ignore_user_meta=False, metas=['./colcon.meta'], base_paths=['.'], packages_ignore=None, packages_ignore_regex=None, paths=None, packages_up_to=None, packages_up_to_regex=None, packages_above=None, packages_above_and_dependencies=None, packages_above_depth=None, packages_select_by_dep=None, packages_skip_by_dep=None, packages_skip_up_to=None, packages_select_build_failed=False, packages_skip_build_finished=False, packages_select_test_failures=False, packages_skip_test_passed=False, packages_select=None, packages_skip=None, packages_select_regex=None, packages_skip_regex=None, packages_start=None, packages_end=None, allow_overriding=[], cmake_args=None, cmake_target=None, cmake_target_skip_unavailable=False, cmake_clean_cache=False, cmake_clean_first=False, cmake_force_configure=False, ament_cmake_args=None, catkin_cmake_args=None, catkin_skip_building_tests=False, mixin_files=None, mixin=None, verb_parser=<colcon_mixin.mixin.mixin_argument.MixinArgumentDecorator object at 0x75f7c25660e0>, verb_extension=<colcon_core.verb.build.BuildVerb object at 0x75f7c2565630>, main=<bound method BuildVerb.main of <colcon_core.verb.build.BuildVerb object at 0x75f7c2565630>>, mixin_verb=('build',))
[5.958s] Level 1:colcon.colcon_core.package_discovery:discover_packages(colcon_meta) check parameters
[5.959s] Level 1:colcon.colcon_core.package_discovery:discover_packages(recursive) check parameters
[5.959s] Level 1:colcon.colcon_core.package_discovery:discover_packages(ignore) check parameters
[5.959s] Level 1:colcon.colcon_core.package_discovery:discover_packages(path) check parameters
[5.959s] Level 1:colcon.colcon_core.package_discovery:discover_packages(colcon_meta) discover
[5.959s] Level 1:colcon.colcon_core.package_discovery:discover_packages(recursive) discover
[5.959s] INFO:colcon.colcon_core.package_discovery:Crawling recursively for packages in '/home/eleanorlow/spcrob/ros_ws2'
[5.959s] Level 1:colcon.colcon_core.package_identification:_identify(.) by extensions ['ignore', 'ignore_ament_install']
[5.959s] Level 1:colcon.colcon_core.package_identification:_identify(.) by extension 'ignore'
[5.960s] Level 1:colcon.colcon_core.package_identification:_identify(.) by extension 'ignore_ament_install'
[5.960s] Level 1:colcon.colcon_core.package_identification:_identify(.) by extensions ['colcon_pkg']
[5.960s] Level 1:colcon.colcon_core.package_identification:_identify(.) by extension 'colcon_pkg'
[5.960s] Level 1:colcon.colcon_core.package_identification:_identify(.) by extensions ['colcon_meta']
[5.960s] Level 1:colcon.colcon_core.package_identification:_identify(.) by extension 'colcon_meta'
[5.960s] Level 1:colcon.colcon_core.package_identification:_identify(.) by extensions ['ros']
[5.960s] Level 1:colcon.colcon_core.package_identification:_identify(.) by extension 'ros'
[6.010s] Level 1:colcon.colcon_core.package_identification:_identify(.) by extensions ['cmake', 'python']
[6.010s] Level 1:colcon.colcon_core.package_identification:_identify(.) by extension 'cmake'
[6.010s] Level 1:colcon.colcon_core.package_identification:_identify(.) by extension 'python'
[6.010s] Level 1:colcon.colcon_core.package_identification:_identify(.) by extensions ['python_setup_py']
[6.010s] Level 1:colcon.colcon_core.package_identification:_identify(.) by extension 'python_setup_py'
[6.010s] Level 1:colcon.colcon_core.package_identification:_identify(build) by extensions ['ignore', 'ignore_ament_install']
[6.011s] Level 1:colcon.colcon_core.package_identification:_identify(build) by extension 'ignore'
[6.011s] Level 1:colcon.colcon_core.package_identification:_identify(build) ignored
[6.011s] Level 1:colcon.colcon_core.package_identification:_identify(install) by extensions ['ignore', 'ignore_ament_install']
[6.011s] Level 1:colcon.colcon_core.package_identification:_identify(install) by extension 'ignore'
[6.011s] Level 1:colcon.colcon_core.package_identification:_identify(install) ignored
[6.011s] Level 1:colcon.colcon_core.package_identification:_identify(log) by extensions ['ignore', 'ignore_ament_install']
[6.011s] Level 1:colcon.colcon_core.package_identification:_identify(log) by extension 'ignore'
[6.011s] Level 1:colcon.colcon_core.package_identification:_identify(log) ignored
[6.011s] Level 1:colcon.colcon_core.package_identification:_identify(src) by extensions ['ignore', 'ignore_ament_install']
[6.011s] Level 1:colcon.colcon_core.package_identification:_identify(src) by extension 'ignore'
[6.012s] Level 1:colcon.colcon_core.package_identification:_identify(src) by extension 'ignore_ament_install'
[6.012s] Level 1:colcon.colcon_core.package_identification:_identify(src) by extensions ['colcon_pkg']
[6.012s] Level 1:colcon.colcon_core.package_identification:_identify(src) by extension 'colcon_pkg'
[6.012s] Level 1:colcon.colcon_core.package_identification:_identify(src) by extensions ['colcon_meta']
[6.012s] Level 1:colcon.colcon_core.package_identification:_identify(src) by extension 'colcon_meta'
[6.012s] Level 1:colcon.colcon_core.package_identification:_identify(src) by extensions ['ros']
[6.012s] Level 1:colcon.colcon_core.package_identification:_identify(src) by extension 'ros'
[6.012s] Level 1:colcon.colcon_core.package_identification:_identify(src) by extensions ['cmake', 'python']
[6.012s] Level 1:colcon.colcon_core.package_identification:_identify(src) by extension 'cmake'
[6.012s] Level 1:colcon.colcon_core.package_identification:_identify(src) by extension 'python'
[6.012s] Level 1:colcon.colcon_core.package_identification:_identify(src) by extensions ['python_setup_py']
[6.012s] Level 1:colcon.colcon_core.package_identification:_identify(src) by extension 'python_setup_py'
[6.012s] Level 1:colcon.colcon_core.package_identification:_identify(src/path_planner) by extensions ['ignore', 'ignore_ament_install']
[6.012s] Level 1:colcon.colcon_core.package_identification:_identify(src/path_planner) by extension 'ignore'
[6.012s] Level 1:colcon.colcon_core.package_identification:_identify(src/path_planner) by extension 'ignore_ament_install'
[6.012s] Level 1:colcon.colcon_core.package_identification:_identify(src/path_planner) by extensions ['colcon_pkg']
[6.012s] Level 1:colcon.colcon_core.package_identification:_identify(src/path_planner) by extension 'colcon_pkg'
[6.012s] Level 1:colcon.colcon_core.package_identification:_identify(src/path_planner) by extensions ['colcon_meta']
[6.012s] Level 1:colcon.colcon_core.package_identification:_identify(src/path_planner) by extension 'colcon_meta'
[6.012s] Level 1:colcon.colcon_core.package_identification:_identify(src/path_planner) by extensions ['ros']
[6.012s] Level 1:colcon.colcon_core.package_identification:_identify(src/path_planner) by extension 'ros'
[6.037s] DEBUG:colcon.colcon_core.package_identification:Package 'src/path_planner' with type 'ros.ament_python' and name 'path_planner'
[6.037s] Level 1:colcon.colcon_core.package_discovery:discover_packages(recursive) using defaults
[6.037s] Level 1:colcon.colcon_core.package_discovery:discover_packages(ignore) discover
[6.037s] Level 1:colcon.colcon_core.package_discovery:discover_packages(ignore) using defaults
[6.037s] Level 1:colcon.colcon_core.package_discovery:discover_packages(path) discover
[6.037s] Level 1:colcon.colcon_core.package_discovery:discover_packages(path) using defaults
[6.279s] Level 1:colcon.colcon_core.package_discovery:discover_packages(prefix_path) check parameters
[6.279s] Level 1:colcon.colcon_core.package_discovery:discover_packages(prefix_path) discover
[6.325s] DEBUG:colcon.colcon_installed_package_information.package_discovery:Found 3 installed packages in /home/eleanorlow/spcrob/ros_ws/install
[6.326s] DEBUG:colcon.colcon_installed_package_information.package_discovery:Found 3 installed packages in /home/eleanorlow/robo1/install
[6.327s] DEBUG:colcon.colcon_installed_package_information.package_discovery:Found 1 installed packages in /home/eleanorlow/spcrob/pythonTutorial/colcon_ws/install
[6.330s] DEBUG:colcon.colcon_installed_package_information.package_discovery:Found 313 installed packages in /opt/ros/humble
[6.333s] Level 1:colcon.colcon_core.package_discovery:discover_packages(prefix_path) using defaults
[6.496s] Level 5:colcon.colcon_core.verb:set package 'path_planner' build argument 'cmake_args' from command line to 'None'
[6.496s] Level 5:colcon.colcon_core.verb:set package 'path_planner' build argument 'cmake_target' from command line to 'None'
[6.496s] Level 5:colcon.colcon_core.verb:set package 'path_planner' build argument 'cmake_target_skip_unavailable' from command line to 'False'
[6.496s] Level 5:colcon.colcon_core.verb:set package 'path_planner' build argument 'cmake_clean_cache' from command line to 'False'
[6.496s] Level 5:colcon.colcon_core.verb:set package 'path_planner' build argument 'cmake_clean_first' from command line to 'False'
[6.496s] Level 5:colcon.colcon_core.verb:set package 'path_planner' build argument 'cmake_force_configure' from command line to 'False'
[6.496s] Level 5:colcon.colcon_core.verb:set package 'path_planner' build argument 'ament_cmake_args' from command line to 'None'
[6.496s] Level 5:colcon.colcon_core.verb:set package 'path_planner' build argument 'catkin_cmake_args' from command line to 'None'
[6.496s] Level 5:colcon.colcon_core.verb:set package 'path_planner' build argument 'catkin_skip_building_tests' from command line to 'False'
[6.496s] DEBUG:colcon.colcon_core.verb:Building package 'path_planner' with the following arguments: {'ament_cmake_args': None, 'build_base': '/home/eleanorlow/spcrob/ros_ws2/build/path_planner', 'catkin_cmake_args': None, 'catkin_skip_building_tests': False, 'cmake_args': None, 'cmake_clean_cache': False, 'cmake_clean_first': False, 'cmake_force_configure': False, 'cmake_target': None, 'cmake_target_skip_unavailable': False, 'install_base': '/home/eleanorlow/spcrob/ros_ws2/install/path_planner', 'merge_install': False, 'path': '/home/eleanorlow/spcrob/ros_ws2/src/path_planner', 'symlink_install': True, 'test_result_base': None}
[6.496s] INFO:colcon.colcon_core.executor:Executing jobs using 'parallel' executor
[6.497s] DEBUG:colcon.colcon_parallel_executor.executor.parallel:run_until_complete
[6.497s] INFO:colcon.colcon_ros.task.ament_python.build:Building ROS package in '/home/eleanorlow/spcrob/ros_ws2/src/path_planner' with build type 'ament_python'
[6.497s] Level 1:colcon.colcon_core.shell:create_environment_hook('path_planner', 'ament_prefix_path')
[6.502s] INFO:colcon.colcon_core.plugin_system:Skipping extension 'colcon_core.shell.bat': Not used on non-Windows systems
[6.502s] INFO:colcon.colcon_core.shell:Creating environment hook '/home/eleanorlow/spcrob/ros_ws2/install/path_planner/share/path_planner/hook/ament_prefix_path.ps1'
[6.503s] INFO:colcon.colcon_core.shell:Creating environment descriptor '/home/eleanorlow/spcrob/ros_ws2/install/path_planner/share/path_planner/hook/ament_prefix_path.dsv'
[6.503s] INFO:colcon.colcon_core.shell:Creating environment hook '/home/eleanorlow/spcrob/ros_ws2/install/path_planner/share/path_planner/hook/ament_prefix_path.sh'
[6.504s] INFO:colcon.colcon_core.shell:Skip shell extension 'powershell' for command environment: Not usable outside of PowerShell
[6.504s] DEBUG:colcon.colcon_core.shell:Skip shell extension 'dsv' for command environment
[6.705s] INFO:colcon.colcon_core.task.python.build:Building Python package in '/home/eleanorlow/spcrob/ros_ws2/src/path_planner'
[6.705s] INFO:colcon.colcon_core.shell:Skip shell extension 'powershell' for command environment: Not usable outside of PowerShell
[6.705s] DEBUG:colcon.colcon_core.shell:Skip shell extension 'dsv' for command environment
[7.218s] DEBUG:colcon.colcon_core.event_handler.log_command:Invoking command in '/home/eleanorlow/spcrob/ros_ws2/build/path_planner': PYTHONPATH=/home/eleanorlow/spcrob/ros_ws2/build/path_planner/prefix_override:/usr/lib/python3/dist-packages/colcon_core/task/python/colcon_distutils_commands:/home/eleanorlow/spcrob/ros_ws2/install/path_planner/lib/python3.10/site-packages:${PYTHONPATH} /usr/bin/python3 -W ignore:setup.py install is deprecated -W ignore:easy_install command is deprecated setup.py develop --editable --build-directory /home/eleanorlow/spcrob/ros_ws2/build/path_planner/build --no-deps symlink_data
[7.540s] Level 1:colcon.colcon_core.shell:create_environment_hook('path_planner', 'pythonpath_develop')
[7.541s] INFO:colcon.colcon_core.shell:Creating environment hook '/home/eleanorlow/spcrob/ros_ws2/build/path_planner/share/path_planner/hook/pythonpath_develop.ps1'
[7.541s] DEBUG:colcon.colcon_core.event_handler.log_command:Invoked command in '/home/eleanorlow/spcrob/ros_ws2/build/path_planner' returned '0': PYTHONPATH=/home/eleanorlow/spcrob/ros_ws2/build/path_planner/prefix_override:/usr/lib/python3/dist-packages/colcon_core/task/python/colcon_distutils_commands:/home/eleanorlow/spcrob/ros_ws2/install/path_planner/lib/python3.10/site-packages:${PYTHONPATH} /usr/bin/python3 -W ignore:setup.py install is deprecated -W ignore:easy_install command is deprecated setup.py develop --editable --build-directory /home/eleanorlow/spcrob/ros_ws2/build/path_planner/build --no-deps symlink_data
[7.541s] INFO:colcon.colcon_core.shell:Creating environment descriptor '/home/eleanorlow/spcrob/ros_ws2/build/path_planner/share/path_planner/hook/pythonpath_develop.dsv'
[7.542s] INFO:colcon.colcon_core.shell:Creating environment hook '/home/eleanorlow/spcrob/ros_ws2/build/path_planner/share/path_planner/hook/pythonpath_develop.sh'
[7.557s] Level 1:colcon.colcon_core.environment:checking '/home/eleanorlow/spcrob/ros_ws2/install/path_planner' for CMake module files
[7.558s] Level 1:colcon.colcon_core.environment:checking '/home/eleanorlow/spcrob/ros_ws2/install/path_planner' for CMake config files
[7.558s] Level 1:colcon.colcon_core.environment:checking '/home/eleanorlow/spcrob/ros_ws2/install/path_planner/lib'
[7.558s] Level 1:colcon.colcon_core.environment:checking '/home/eleanorlow/spcrob/ros_ws2/install/path_planner/bin'
[7.558s] Level 1:colcon.colcon_core.environment:checking '/home/eleanorlow/spcrob/ros_ws2/install/path_planner/lib/pkgconfig/path_planner.pc'
[7.558s] Level 1:colcon.colcon_core.environment:checking '/home/eleanorlow/spcrob/ros_ws2/install/path_planner/lib/python3.10/site-packages'
[7.558s] Level 1:colcon.colcon_core.shell:create_environment_hook('path_planner', 'pythonpath')
[7.558s] INFO:colcon.colcon_core.shell:Creating environment hook '/home/eleanorlow/spcrob/ros_ws2/install/path_planner/share/path_planner/hook/pythonpath.ps1'
[7.559s] INFO:colcon.colcon_core.shell:Creating environment descriptor '/home/eleanorlow/spcrob/ros_ws2/install/path_planner/share/path_planner/hook/pythonpath.dsv'
[7.559s] INFO:colcon.colcon_core.shell:Creating environment hook '/home/eleanorlow/spcrob/ros_ws2/install/path_planner/share/path_planner/hook/pythonpath.sh'
[7.559s] Level 1:colcon.colcon_core.environment:checking '/home/eleanorlow/spcrob/ros_ws2/install/path_planner/bin'
[7.559s] Level 1:colcon.colcon_core.environment:create_environment_scripts_only(path_planner)
[7.560s] INFO:colcon.colcon_core.shell:Creating package script '/home/eleanorlow/spcrob/ros_ws2/install/path_planner/share/path_planner/package.ps1'
[7.560s] INFO:colcon.colcon_core.shell:Creating package descriptor '/home/eleanorlow/spcrob/ros_ws2/install/path_planner/share/path_planner/package.dsv'
[7.561s] INFO:colcon.colcon_core.shell:Creating package script '/home/eleanorlow/spcrob/ros_ws2/install/path_planner/share/path_planner/package.sh'
[7.561s] INFO:colcon.colcon_core.shell:Creating package script '/home/eleanorlow/spcrob/ros_ws2/install/path_planner/share/path_planner/package.bash'
[7.562s] INFO:colcon.colcon_core.shell:Creating package script '/home/eleanorlow/spcrob/ros_ws2/install/path_planner/share/path_planner/package.zsh'
[7.563s] Level 1:colcon.colcon_core.environment:create_file_with_runtime_dependencies(/home/eleanorlow/spcrob/ros_ws2/install/path_planner/share/colcon-core/packages/path_planner)
[7.563s] DEBUG:colcon.colcon_parallel_executor.executor.parallel:closing loop
[7.563s] DEBUG:colcon.colcon_parallel_executor.executor.parallel:loop closed
[7.564s] DEBUG:colcon.colcon_parallel_executor.executor.parallel:run_until_complete finished with '0'
[7.564s] DEBUG:colcon.colcon_core.event_reactor:joining thread
[7.574s] INFO:colcon.colcon_core.plugin_system:Skipping extension 'colcon_notification.desktop_notification.terminal_notifier': Not used on non-Darwin systems
[7.574s] INFO:colcon.colcon_core.plugin_system:Skipping extension 'colcon_notification.desktop_notification.win32': Not used on non-Windows systems
[7.574s] INFO:colcon.colcon_notification.desktop_notification:Sending desktop notification using 'notify2'
[7.586s] DEBUG:colcon.colcon_core.event_reactor:joined thread
[7.587s] INFO:colcon.colcon_core.shell:Creating prefix script '/home/eleanorlow/spcrob/ros_ws2/install/local_setup.ps1'
[7.599s] INFO:colcon.colcon_core.shell:Creating prefix util module '/home/eleanorlow/spcrob/ros_ws2/install/_local_setup_util_ps1.py'
[7.617s] INFO:colcon.colcon_core.shell:Creating prefix chain script '/home/eleanorlow/spcrob/ros_ws2/install/setup.ps1'
[7.620s] INFO:colcon.colcon_core.shell:Creating prefix script '/home/eleanorlow/spcrob/ros_ws2/install/local_setup.sh'
[7.622s] INFO:colcon.colcon_core.shell:Creating prefix util module '/home/eleanorlow/spcrob/ros_ws2/install/_local_setup_util_sh.py'
[7.623s] INFO:colcon.colcon_core.shell:Creating prefix chain script '/home/eleanorlow/spcrob/ros_ws2/install/setup.sh'
[7.626s] INFO:colcon.colcon_core.shell:Creating prefix script '/home/eleanorlow/spcrob/ros_ws2/install/local_setup.bash'
[7.627s] INFO:colcon.colcon_core.shell:Creating prefix chain script '/home/eleanorlow/spcrob/ros_ws2/install/setup.bash'
[7.630s] INFO:colcon.colcon_core.shell:Creating prefix script '/home/eleanorlow/spcrob/ros_ws2/install/local_setup.zsh'
[7.631s] INFO:colcon.colcon_core.shell:Creating prefix chain script '/home/eleanorlow/spcrob/ros_ws2/install/setup.zsh'
